[DEBUG] 2024-09-26 11:39:31.637 [TestNG-test-C:/Users/saimanikanta_thatiko/IdeaProjects/NBC_Universal-1] PackageRelationshipCollection - Parsing relationship: /xl/_rels/workbook.xml.rels
[DEBUG] 2024-09-26 11:39:31.642 [TestNG-test-C:/Users/saimanikanta_thatiko/IdeaProjects/NBC_Universal-1] PackageRelationshipCollection - Parsing relationship: /_rels/.rels
[DEBUG] 2024-09-26 11:39:55.519 [TestNG-tests-1] PackageRelationshipCollection - Parsing relationship: /xl/_rels/workbook.xml.rels
[DEBUG] 2024-09-26 11:39:55.524 [TestNG-tests-1] PackageRelationshipCollection - Parsing relationship: /_rels/.rels
[DEBUG] 2024-09-26 11:44:49.639 [TestNG-tests-1] PackageRelationshipCollection - Parsing relationship: /xl/_rels/workbook.xml.rels
[DEBUG] 2024-09-26 11:44:49.646 [TestNG-tests-1] PackageRelationshipCollection - Parsing relationship: /_rels/.rels
[DEBUG] 2024-09-26 11:47:26.219 [TestNG-tests-1] PackageRelationshipCollection - Parsing relationship: /xl/_rels/workbook.xml.rels
[DEBUG] 2024-09-26 11:47:26.224 [TestNG-tests-1] PackageRelationshipCollection - Parsing relationship: /_rels/.rels
[DEBUG] 2024-09-26 11:48:19.125 [TestNG-test-C:/Users/saimanikanta_thatiko/IdeaProjects/NBC_Universal-1] PackageRelationshipCollection - Parsing relationship: /xl/_rels/workbook.xml.rels
[DEBUG] 2024-09-26 11:48:19.130 [TestNG-test-C:/Users/saimanikanta_thatiko/IdeaProjects/NBC_Universal-1] PackageRelationshipCollection - Parsing relationship: /_rels/.rels
[DEBUG] 2024-09-26 12:06:09.228 [TestNG-test-C:/Users/saimanikanta_thatiko/IdeaProjects/NBC_Universal-1] PackageRelationshipCollection - Parsing relationship: /xl/_rels/workbook.xml.rels
[DEBUG] 2024-09-26 12:06:09.236 [TestNG-test-C:/Users/saimanikanta_thatiko/IdeaProjects/NBC_Universal-1] PackageRelationshipCollection - Parsing relationship: /_rels/.rels
[DEBUG] 2024-09-26 12:07:05.341 [TestNG-test-C:/Users/saimanikanta_thatiko/IdeaProjects/NBC_Universal-1] PackageRelationshipCollection - Parsing relationship: /xl/_rels/workbook.xml.rels
[DEBUG] 2024-09-26 12:07:05.354 [TestNG-test-C:/Users/saimanikanta_thatiko/IdeaProjects/NBC_Universal-1] PackageRelationshipCollection - Parsing relationship: /_rels/.rels
[DEBUG] 2024-09-26 12:08:23.708 [TestNG-test-C:/Users/saimanikanta_thatiko/IdeaProjects/NBC_Universal-1] PackageRelationshipCollection - Parsing relationship: /xl/_rels/workbook.xml.rels
[DEBUG] 2024-09-26 12:08:23.715 [TestNG-test-C:/Users/saimanikanta_thatiko/IdeaProjects/NBC_Universal-1] PackageRelationshipCollection - Parsing relationship: /_rels/.rels
[DEBUG] 2024-09-26 12:22:32.538 [TestNG-test-C:/Users/saimanikanta_thatiko/IdeaProjects/NBC_Universal-1] PackageRelationshipCollection - Parsing relationship: /xl/_rels/workbook.xml.rels
[DEBUG] 2024-09-26 12:22:32.545 [TestNG-test-C:/Users/saimanikanta_thatiko/IdeaProjects/NBC_Universal-1] PackageRelationshipCollection - Parsing relationship: /_rels/.rels
[DEBUG] 2024-09-26 12:28:28.328 [TestNG-test-C:/Users/saimanikanta_thatiko/IdeaProjects/NBC_Universal-1] PackageRelationshipCollection - Parsing relationship: /xl/_rels/workbook.xml.rels
[DEBUG] 2024-09-26 12:28:28.339 [TestNG-test-C:/Users/saimanikanta_thatiko/IdeaProjects/NBC_Universal-1] PackageRelationshipCollection - Parsing relationship: /_rels/.rels
[DEBUG] 2024-09-26 12:31:24.694 [TestNG-test-C:/Users/saimanikanta_thatiko/IdeaProjects/NBC_Universal-1] PackageRelationshipCollection - Parsing relationship: /xl/_rels/workbook.xml.rels
[DEBUG] 2024-09-26 12:31:24.703 [TestNG-test-C:/Users/saimanikanta_thatiko/IdeaProjects/NBC_Universal-1] PackageRelationshipCollection - Parsing relationship: /_rels/.rels
[DEBUG] 2024-09-26 12:33:27.236 [TestNG-test-C:/Users/saimanikanta_thatiko/IdeaProjects/NBC_Universal-1] PackageRelationshipCollection - Parsing relationship: /xl/_rels/workbook.xml.rels
[DEBUG] 2024-09-26 12:33:27.245 [TestNG-test-C:/Users/saimanikanta_thatiko/IdeaProjects/NBC_Universal-1] PackageRelationshipCollection - Parsing relationship: /_rels/.rels
[DEBUG] 2024-09-26 12:34:44.909 [TestNG-test-C:/Users/saimanikanta_thatiko/IdeaProjects/NBC_Universal-1] PackageRelationshipCollection - Parsing relationship: /xl/_rels/workbook.xml.rels
[DEBUG] 2024-09-26 12:34:44.917 [TestNG-test-C:/Users/saimanikanta_thatiko/IdeaProjects/NBC_Universal-1] PackageRelationshipCollection - Parsing relationship: /_rels/.rels
[DEBUG] 2024-09-26 12:34:48.379 [TestNG-test-C:/Users/saimanikanta_thatiko/IdeaProjects/NBC_Universal-1] PackageRelationshipCollection - Parsing relationship: /xl/_rels/workbook.xml.rels
[DEBUG] 2024-09-26 12:34:48.380 [TestNG-test-C:/Users/saimanikanta_thatiko/IdeaProjects/NBC_Universal-1] PackageRelationshipCollection - Parsing relationship: /_rels/.rels
[DEBUG] 2024-09-26 13:27:49.376 [TestNG-test-C:/Users/saimanikanta_thatiko/IdeaProjects/NBC_Universal-1] PackageRelationshipCollection - Parsing relationship: /xl/_rels/workbook.xml.rels
[DEBUG] 2024-09-26 13:27:49.384 [TestNG-test-C:/Users/saimanikanta_thatiko/IdeaProjects/NBC_Universal-1] PackageRelationshipCollection - Parsing relationship: /_rels/.rels
[DEBUG] 2024-09-26 13:31:18.975 [TestNG-test-C:/Users/saimanikanta_thatiko/IdeaProjects/NBC_Universal-1] PackageRelationshipCollection - Parsing relationship: /xl/_rels/workbook.xml.rels
[DEBUG] 2024-09-26 13:31:18.982 [TestNG-test-C:/Users/saimanikanta_thatiko/IdeaProjects/NBC_Universal-1] PackageRelationshipCollection - Parsing relationship: /_rels/.rels
[DEBUG] 2024-09-26 13:31:36.036 [TestNG-tests-1] PackageRelationshipCollection - Parsing relationship: /xl/_rels/workbook.xml.rels
[DEBUG] 2024-09-26 13:31:36.044 [TestNG-tests-1] PackageRelationshipCollection - Parsing relationship: /_rels/.rels
[DEBUG] 2024-09-26 13:35:18.168 [TestNG-tests-1] PackageRelationshipCollection - Parsing relationship: /xl/_rels/workbook.xml.rels
[DEBUG] 2024-09-26 13:35:18.180 [TestNG-tests-1] PackageRelationshipCollection - Parsing relationship: /_rels/.rels
[DEBUG] 2024-09-26 13:36:46.292 [TestNG-tests-1] PackageRelationshipCollection - Parsing relationship: /xl/_rels/workbook.xml.rels
[DEBUG] 2024-09-26 13:36:46.299 [TestNG-tests-1] PackageRelationshipCollection - Parsing relationship: /_rels/.rels
[DEBUG] 2024-09-26 13:38:00.110 [TestNG-test-C:/Users/saimanikanta_thatiko/IdeaProjects/NBC_Universal-1] PackageRelationshipCollection - Parsing relationship: /xl/_rels/workbook.xml.rels
[DEBUG] 2024-09-26 13:38:00.118 [TestNG-test-C:/Users/saimanikanta_thatiko/IdeaProjects/NBC_Universal-1] PackageRelationshipCollection - Parsing relationship: /_rels/.rels
[DEBUG] 2024-09-26 13:40:54.790 [TestNG-test-C:/Users/saimanikanta_thatiko/IdeaProjects/NBC_Universal-1] PackageRelationshipCollection - Parsing relationship: /xl/_rels/workbook.xml.rels
[DEBUG] 2024-09-26 13:40:54.798 [TestNG-test-C:/Users/saimanikanta_thatiko/IdeaProjects/NBC_Universal-1] PackageRelationshipCollection - Parsing relationship: /_rels/.rels
[DEBUG] 2024-09-26 13:41:55.748 [TestNG-test-C:/Users/saimanikanta_thatiko/IdeaProjects/NBC_Universal-1] PackageRelationshipCollection - Parsing relationship: /xl/_rels/workbook.xml.rels
[DEBUG] 2024-09-26 13:41:55.756 [TestNG-test-C:/Users/saimanikanta_thatiko/IdeaProjects/NBC_Universal-1] PackageRelationshipCollection - Parsing relationship: /_rels/.rels
[DEBUG] 2024-09-26 15:48:45.503 [TestNG-test-C:/Users/saimanikanta_thatiko/IdeaProjects/NBC_Universal-1] PackageRelationshipCollection - Parsing relationship: /xl/_rels/workbook.xml.rels
[DEBUG] 2024-09-26 15:48:45.510 [TestNG-test-C:/Users/saimanikanta_thatiko/IdeaProjects/NBC_Universal-1] PackageRelationshipCollection - Parsing relationship: /_rels/.rels
[DEBUG] 2024-09-26 15:49:14.492 [TestNG-test-C:/Users/saimanikanta_thatiko/IdeaProjects/NBC_Universal-1] PackageRelationshipCollection - Parsing relationship: /xl/_rels/workbook.xml.rels
[DEBUG] 2024-09-26 15:49:14.500 [TestNG-test-C:/Users/saimanikanta_thatiko/IdeaProjects/NBC_Universal-1] PackageRelationshipCollection - Parsing relationship: /_rels/.rels
[DEBUG] 2024-09-26 15:50:27.545 [TestNG-test-C:/Users/saimanikanta_thatiko/IdeaProjects/NBC_Universal-1] PackageRelationshipCollection - Parsing relationship: /xl/_rels/workbook.xml.rels
[DEBUG] 2024-09-26 15:50:27.553 [TestNG-test-C:/Users/saimanikanta_thatiko/IdeaProjects/NBC_Universal-1] PackageRelationshipCollection - Parsing relationship: /_rels/.rels
[DEBUG] 2024-09-26 16:00:52.030 [TestNG-test-C:/Users/saimanikanta_thatiko/IdeaProjects/NBC_Universal-1] PackageRelationshipCollection - Parsing relationship: /xl/_rels/workbook.xml.rels
[DEBUG] 2024-09-26 16:00:52.038 [TestNG-test-C:/Users/saimanikanta_thatiko/IdeaProjects/NBC_Universal-1] PackageRelationshipCollection - Parsing relationship: /_rels/.rels
[DEBUG] 2024-09-26 16:02:33.205 [TestNG-test-C:/Users/saimanikanta_thatiko/IdeaProjects/NBC_Universal-1] PackageRelationshipCollection - Parsing relationship: /xl/_rels/workbook.xml.rels
[DEBUG] 2024-09-26 16:02:33.216 [TestNG-test-C:/Users/saimanikanta_thatiko/IdeaProjects/NBC_Universal-1] PackageRelationshipCollection - Parsing relationship: /_rels/.rels
[DEBUG] 2024-09-26 16:06:28.329 [TestNG-test-C:/Users/saimanikanta_thatiko/IdeaProjects/NBC_Universal-1] PackageRelationshipCollection - Parsing relationship: /xl/_rels/workbook.xml.rels
[DEBUG] 2024-09-26 16:06:28.345 [TestNG-test-C:/Users/saimanikanta_thatiko/IdeaProjects/NBC_Universal-1] PackageRelationshipCollection - Parsing relationship: /_rels/.rels
[DEBUG] 2024-09-26 16:06:51.609 [TestNG-test-C:/Users/saimanikanta_thatiko/IdeaProjects/NBC_Universal-1] PackageRelationshipCollection - Parsing relationship: /xl/_rels/workbook.xml.rels
[DEBUG] 2024-09-26 16:06:51.640 [TestNG-test-C:/Users/saimanikanta_thatiko/IdeaProjects/NBC_Universal-1] PackageRelationshipCollection - Parsing relationship: /_rels/.rels
[DEBUG] 2024-09-26 16:08:15.439 [TestNG-test-C:/Users/saimanikanta_thatiko/IdeaProjects/NBC_Universal-1] PackageRelationshipCollection - Parsing relationship: /xl/_rels/workbook.xml.rels
[DEBUG] 2024-09-26 16:08:15.452 [TestNG-test-C:/Users/saimanikanta_thatiko/IdeaProjects/NBC_Universal-1] PackageRelationshipCollection - Parsing relationship: /_rels/.rels
[DEBUG] 2024-09-26 16:09:30.808 [TestNG-test-C:/Users/saimanikanta_thatiko/IdeaProjects/NBC_Universal-1] PackageRelationshipCollection - Parsing relationship: /xl/_rels/workbook.xml.rels
[DEBUG] 2024-09-26 16:09:30.825 [TestNG-test-C:/Users/saimanikanta_thatiko/IdeaProjects/NBC_Universal-1] PackageRelationshipCollection - Parsing relationship: /_rels/.rels
[DEBUG] 2024-09-26 16:10:15.642 [TestNG-test-C:/Users/saimanikanta_thatiko/IdeaProjects/NBC_Universal-1] PackageRelationshipCollection - Parsing relationship: /xl/_rels/workbook.xml.rels
[DEBUG] 2024-09-26 16:10:15.655 [TestNG-test-C:/Users/saimanikanta_thatiko/IdeaProjects/NBC_Universal-1] PackageRelationshipCollection - Parsing relationship: /_rels/.rels
[DEBUG] 2024-09-26 16:14:15.056 [TestNG-test-C:/Users/saimanikanta_thatiko/IdeaProjects/NBC_Universal-1] PackageRelationshipCollection - Parsing relationship: /xl/_rels/workbook.xml.rels
[DEBUG] 2024-09-26 16:14:15.078 [TestNG-test-C:/Users/saimanikanta_thatiko/IdeaProjects/NBC_Universal-1] PackageRelationshipCollection - Parsing relationship: /_rels/.rels
[DEBUG] 2024-09-26 16:16:15.736 [TestNG-test-C:/Users/saimanikanta_thatiko/IdeaProjects/NBC_Universal-1] PackageRelationshipCollection - Parsing relationship: /xl/_rels/workbook.xml.rels
[DEBUG] 2024-09-26 16:16:15.750 [TestNG-test-C:/Users/saimanikanta_thatiko/IdeaProjects/NBC_Universal-1] PackageRelationshipCollection - Parsing relationship: /_rels/.rels
[DEBUG] 2024-09-26 16:18:58.130 [TestNG-test-C:/Users/saimanikanta_thatiko/IdeaProjects/NBC_Universal-1] PackageRelationshipCollection - Parsing relationship: /xl/_rels/workbook.xml.rels
[DEBUG] 2024-09-26 16:18:58.148 [TestNG-test-C:/Users/saimanikanta_thatiko/IdeaProjects/NBC_Universal-1] PackageRelationshipCollection - Parsing relationship: /_rels/.rels
[DEBUG] 2024-09-26 16:21:50.953 [TestNG-test-C:/Users/saimanikanta_thatiko/IdeaProjects/NBC_Universal-1] PackageRelationshipCollection - Parsing relationship: /xl/_rels/workbook.xml.rels
[DEBUG] 2024-09-26 16:21:50.970 [TestNG-test-C:/Users/saimanikanta_thatiko/IdeaProjects/NBC_Universal-1] PackageRelationshipCollection - Parsing relationship: /_rels/.rels
[DEBUG] 2024-09-26 16:28:40.603 [TestNG-test-C:/Users/saimanikanta_thatiko/IdeaProjects/NBC_Universal-1] PackageRelationshipCollection - Parsing relationship: /xl/_rels/workbook.xml.rels
[DEBUG] 2024-09-26 16:28:40.621 [TestNG-test-C:/Users/saimanikanta_thatiko/IdeaProjects/NBC_Universal-1] PackageRelationshipCollection - Parsing relationship: /_rels/.rels
[DEBUG] 2024-09-26 16:31:08.006 [TestNG-tests-1] PackageRelationshipCollection - Parsing relationship: /xl/_rels/workbook.xml.rels
[DEBUG] 2024-09-26 16:31:08.016 [TestNG-tests-1] PackageRelationshipCollection - Parsing relationship: /_rels/.rels
[DEBUG] 2024-09-26 16:32:51.261 [TestNG-tests-1] PackageRelationshipCollection - Parsing relationship: /xl/_rels/workbook.xml.rels
[DEBUG] 2024-09-26 16:32:51.270 [TestNG-tests-1] PackageRelationshipCollection - Parsing relationship: /_rels/.rels
[DEBUG] 2024-09-26 16:39:08.470 [TestNG-tests-1] PackageRelationshipCollection - Parsing relationship: /xl/_rels/workbook.xml.rels
[DEBUG] 2024-09-26 16:39:08.484 [TestNG-tests-1] PackageRelationshipCollection - Parsing relationship: /_rels/.rels
[DEBUG] 2024-09-26 16:40:17.074 [TestNG-tests-1] PackageRelationshipCollection - Parsing relationship: /xl/_rels/workbook.xml.rels
[DEBUG] 2024-09-26 16:40:17.085 [TestNG-tests-1] PackageRelationshipCollection - Parsing relationship: /_rels/.rels
[DEBUG] 2024-09-26 16:41:34.265 [TestNG-tests-1] PackageRelationshipCollection - Parsing relationship: /xl/_rels/workbook.xml.rels
[DEBUG] 2024-09-26 16:41:34.276 [TestNG-tests-1] PackageRelationshipCollection - Parsing relationship: /_rels/.rels
[DEBUG] 2024-09-26 16:42:40.123 [TestNG-test-C:/Users/saimanikanta_thatiko/IdeaProjects/NBC_Universal-1] PackageRelationshipCollection - Parsing relationship: /xl/_rels/workbook.xml.rels
[DEBUG] 2024-09-26 16:42:40.135 [TestNG-test-C:/Users/saimanikanta_thatiko/IdeaProjects/NBC_Universal-1] PackageRelationshipCollection - Parsing relationship: /_rels/.rels
[DEBUG] 2024-09-26 16:45:22.781 [TestNG-test-C:/Users/saimanikanta_thatiko/IdeaProjects/NBC_Universal-1] PackageRelationshipCollection - Parsing relationship: /xl/_rels/workbook.xml.rels
[DEBUG] 2024-09-26 16:45:22.795 [TestNG-test-C:/Users/saimanikanta_thatiko/IdeaProjects/NBC_Universal-1] PackageRelationshipCollection - Parsing relationship: /_rels/.rels
[DEBUG] 2024-09-26 16:48:35.747 [TestNG-test-C:/Users/saimanikanta_thatiko/IdeaProjects/NBC_Universal-1] PackageRelationshipCollection - Parsing relationship: /xl/_rels/workbook.xml.rels
[DEBUG] 2024-09-26 16:48:35.761 [TestNG-test-C:/Users/saimanikanta_thatiko/IdeaProjects/NBC_Universal-1] PackageRelationshipCollection - Parsing relationship: /_rels/.rels
[DEBUG] 2024-09-26 16:49:51.266 [main] PackageRelationshipCollection - Parsing relationship: /xl/_rels/workbook.xml.rels
[DEBUG] 2024-09-26 16:49:51.284 [main] PackageRelationshipCollection - Parsing relationship: /_rels/.rels
[DEBUG] 2024-09-26 16:50:32.266 [main] PackageRelationshipCollection - Parsing relationship: /xl/_rels/workbook.xml.rels
[DEBUG] 2024-09-26 16:50:32.282 [main] PackageRelationshipCollection - Parsing relationship: /_rels/.rels
[DEBUG] 2024-09-26 16:51:15.177 [TestNG-tests-1] PackageRelationshipCollection - Parsing relationship: /xl/_rels/workbook.xml.rels
[DEBUG] 2024-09-26 16:51:15.190 [TestNG-tests-1] PackageRelationshipCollection - Parsing relationship: /_rels/.rels
[DEBUG] 2024-09-26 16:51:41.314 [TestNG-test-C:/Users/saimanikanta_thatiko/IdeaProjects/NBC_Universal-1] PackageRelationshipCollection - Parsing relationship: /xl/_rels/workbook.xml.rels
[DEBUG] 2024-09-26 16:51:41.332 [TestNG-test-C:/Users/saimanikanta_thatiko/IdeaProjects/NBC_Universal-1] PackageRelationshipCollection - Parsing relationship: /_rels/.rels
[DEBUG] 2024-09-26 16:52:57.799 [TestNG-test-C:/Users/saimanikanta_thatiko/IdeaProjects/NBC_Universal-1] PackageRelationshipCollection - Parsing relationship: /xl/_rels/workbook.xml.rels
[DEBUG] 2024-09-26 16:52:57.812 [TestNG-test-C:/Users/saimanikanta_thatiko/IdeaProjects/NBC_Universal-1] PackageRelationshipCollection - Parsing relationship: /_rels/.rels
[DEBUG] 2024-09-26 16:53:58.791 [TestNG-test-C:/Users/saimanikanta_thatiko/IdeaProjects/NBC_Universal-1] PackageRelationshipCollection - Parsing relationship: /xl/_rels/workbook.xml.rels
[DEBUG] 2024-09-26 16:53:58.805 [TestNG-test-C:/Users/saimanikanta_thatiko/IdeaProjects/NBC_Universal-1] PackageRelationshipCollection - Parsing relationship: /_rels/.rels
[DEBUG] 2024-09-26 16:56:10.234 [TestNG-test-C:/Users/saimanikanta_thatiko/IdeaProjects/NBC_Universal-1] PackageRelationshipCollection - Parsing relationship: /xl/_rels/workbook.xml.rels
[DEBUG] 2024-09-26 16:56:10.248 [TestNG-test-C:/Users/saimanikanta_thatiko/IdeaProjects/NBC_Universal-1] PackageRelationshipCollection - Parsing relationship: /_rels/.rels
[DEBUG] 2024-09-26 16:57:48.817 [TestNG-test-C:/Users/saimanikanta_thatiko/IdeaProjects/NBC_Universal-1] PackageRelationshipCollection - Parsing relationship: /xl/_rels/workbook.xml.rels
[DEBUG] 2024-09-26 16:57:48.831 [TestNG-test-C:/Users/saimanikanta_thatiko/IdeaProjects/NBC_Universal-1] PackageRelationshipCollection - Parsing relationship: /_rels/.rels
[DEBUG] 2024-09-26 16:59:15.689 [TestNG-tests-1] PackageRelationshipCollection - Parsing relationship: /xl/_rels/workbook.xml.rels
[DEBUG] 2024-09-26 16:59:15.709 [TestNG-tests-1] PackageRelationshipCollection - Parsing relationship: /_rels/.rels
[DEBUG] 2024-09-26 17:03:32.636 [TestNG-tests-1] PackageRelationshipCollection - Parsing relationship: /xl/_rels/workbook.xml.rels
[DEBUG] 2024-09-26 17:03:32.649 [TestNG-tests-1] PackageRelationshipCollection - Parsing relationship: /_rels/.rels
[DEBUG] 2024-09-26 17:03:58.942 [TestNG-test-Test1-1] PackageRelationshipCollection - Parsing relationship: /xl/_rels/workbook.xml.rels
[DEBUG] 2024-09-26 17:03:58.950 [TestNG-test-Test1-1] PackageRelationshipCollection - Parsing relationship: /_rels/.rels
[DEBUG] 2024-09-26 17:04:42.984 [TestNG-test-Test1-1] PackageRelationshipCollection - Parsing relationship: /xl/_rels/workbook.xml.rels
[DEBUG] 2024-09-26 17:04:42.991 [TestNG-test-Test1-1] PackageRelationshipCollection - Parsing relationship: /_rels/.rels
[DEBUG] 2024-09-26 17:07:10.317 [TestNG-test-Test1-1] PackageRelationshipCollection - Parsing relationship: /xl/_rels/workbook.xml.rels
[DEBUG] 2024-09-26 17:07:10.354 [TestNG-test-Test1-1] PackageRelationshipCollection - Parsing relationship: /_rels/.rels
[DEBUG] 2024-09-26 17:07:14.175 [TestNG-test-Test2-1] PackageRelationshipCollection - Parsing relationship: /xl/_rels/workbook.xml.rels
[DEBUG] 2024-09-26 17:07:14.179 [TestNG-test-Test2-1] PackageRelationshipCollection - Parsing relationship: /_rels/.rels
[DEBUG] 2024-09-26 18:28:43.556 [TestNG-test-Test1-1] PackageRelationshipCollection - Parsing relationship: /xl/_rels/workbook.xml.rels
[DEBUG] 2024-09-26 18:28:43.567 [TestNG-test-Test1-1] PackageRelationshipCollection - Parsing relationship: /_rels/.rels
[DEBUG] 2024-09-26 18:28:47.267 [TestNG-test-Test2-1] PackageRelationshipCollection - Parsing relationship: /xl/_rels/workbook.xml.rels
[DEBUG] 2024-09-26 18:28:47.269 [TestNG-test-Test2-1] PackageRelationshipCollection - Parsing relationship: /_rels/.rels
[DEBUG] 2024-09-26 18:30:14.611 [TestNG-test-Test1-2] PackageRelationshipCollection - Parsing relationship: /xl/_rels/workbook.xml.rels
[DEBUG] 2024-09-26 18:30:14.611 [TestNG-test-Test1-1] PackageRelationshipCollection - Parsing relationship: /xl/_rels/workbook.xml.rels
[DEBUG] 2024-09-26 18:30:14.625 [TestNG-test-Test1-2] PackageRelationshipCollection - Parsing relationship: /_rels/.rels
[DEBUG] 2024-09-26 18:30:14.625 [TestNG-test-Test1-1] PackageRelationshipCollection - Parsing relationship: /_rels/.rels
[DEBUG] 2024-09-26 18:30:17.525 [TestNG-test-Test2-1] PackageRelationshipCollection - Parsing relationship: /xl/_rels/workbook.xml.rels
[DEBUG] 2024-09-26 18:30:17.527 [TestNG-test-Test2-1] PackageRelationshipCollection - Parsing relationship: /_rels/.rels
[DEBUG] 2024-09-26 18:31:29.870 [main] PackageRelationshipCollection - Parsing relationship: /xl/_rels/workbook.xml.rels
[DEBUG] 2024-09-26 18:31:29.877 [main] PackageRelationshipCollection - Parsing relationship: /_rels/.rels
[DEBUG] 2024-09-26 18:31:34.080 [main] PackageRelationshipCollection - Parsing relationship: /xl/_rels/workbook.xml.rels
[DEBUG] 2024-09-26 18:31:34.082 [main] PackageRelationshipCollection - Parsing relationship: /_rels/.rels
[DEBUG] 2024-09-26 18:31:52.245 [TestNG-test-Test1-1] PackageRelationshipCollection - Parsing relationship: /xl/_rels/workbook.xml.rels
[DEBUG] 2024-09-26 18:31:52.246 [TestNG-test-Test1-2] PackageRelationshipCollection - Parsing relationship: /xl/_rels/workbook.xml.rels
[DEBUG] 2024-09-26 18:31:52.270 [TestNG-test-Test1-1] PackageRelationshipCollection - Parsing relationship: /_rels/.rels
[DEBUG] 2024-09-26 18:31:52.270 [TestNG-test-Test1-2] PackageRelationshipCollection - Parsing relationship: /_rels/.rels
[DEBUG] 2024-09-26 18:31:56.195 [TestNG-test-Test2-1] PackageRelationshipCollection - Parsing relationship: /xl/_rels/workbook.xml.rels
[DEBUG] 2024-09-26 18:31:56.196 [TestNG-test-Test2-1] PackageRelationshipCollection - Parsing relationship: /_rels/.rels
[DEBUG] 2024-09-26 18:32:47.048 [TestNG-test-Test1-1] PackageRelationshipCollection - Parsing relationship: /xl/_rels/workbook.xml.rels
[DEBUG] 2024-09-26 18:32:47.055 [TestNG-test-Test1-1] PackageRelationshipCollection - Parsing relationship: /_rels/.rels
[DEBUG] 2024-09-26 18:32:53.467 [TestNG-test-Test1-1] PackageRelationshipCollection - Parsing relationship: /xl/_rels/workbook.xml.rels
[DEBUG] 2024-09-26 18:32:53.468 [TestNG-test-Test1-1] PackageRelationshipCollection - Parsing relationship: /_rels/.rels
[DEBUG] 2024-09-26 18:32:55.844 [TestNG-test-Test2-1] PackageRelationshipCollection - Parsing relationship: /xl/_rels/workbook.xml.rels
[DEBUG] 2024-09-26 18:32:55.845 [TestNG-test-Test2-1] PackageRelationshipCollection - Parsing relationship: /_rels/.rels
[DEBUG] 2024-09-26 19:16:49.204 [TestNG-test-Test1-1] PackageRelationshipCollection - Parsing relationship: /xl/_rels/workbook.xml.rels
[DEBUG] 2024-09-26 19:16:49.210 [TestNG-test-Test1-1] PackageRelationshipCollection - Parsing relationship: /_rels/.rels
[DEBUG] 2024-09-26 19:16:52.018 [TestNG-test-Test1-1] PackageRelationshipCollection - Parsing relationship: /xl/_rels/workbook.xml.rels
[DEBUG] 2024-09-26 19:16:52.019 [TestNG-test-Test1-1] PackageRelationshipCollection - Parsing relationship: /_rels/.rels
[DEBUG] 2024-09-26 19:16:54.231 [TestNG-test-Test2-1] PackageRelationshipCollection - Parsing relationship: /xl/_rels/workbook.xml.rels
[DEBUG] 2024-09-26 19:16:54.233 [TestNG-test-Test2-1] PackageRelationshipCollection - Parsing relationship: /_rels/.rels
[DEBUG] 2024-09-26 19:18:56.814 [TestNG-test-Test1-1] PackageRelationshipCollection - Parsing relationship: /xl/_rels/workbook.xml.rels
[DEBUG] 2024-09-26 19:18:56.821 [TestNG-test-Test1-1] PackageRelationshipCollection - Parsing relationship: /_rels/.rels
[DEBUG] 2024-09-26 19:18:59.909 [TestNG-test-Test1-1] PackageRelationshipCollection - Parsing relationship: /xl/_rels/workbook.xml.rels
[DEBUG] 2024-09-26 19:18:59.910 [TestNG-test-Test1-1] PackageRelationshipCollection - Parsing relationship: /_rels/.rels
[DEBUG] 2024-09-26 19:19:02.481 [TestNG-test-Test2-1] PackageRelationshipCollection - Parsing relationship: /xl/_rels/workbook.xml.rels
[DEBUG] 2024-09-26 19:19:02.482 [TestNG-test-Test2-1] PackageRelationshipCollection - Parsing relationship: /_rels/.rels
[DEBUG] 2024-09-26 19:21:29.656 [TestNG-test-Test1-1] PackageRelationshipCollection - Parsing relationship: /xl/_rels/workbook.xml.rels
[DEBUG] 2024-09-26 19:21:29.663 [TestNG-test-Test1-1] PackageRelationshipCollection - Parsing relationship: /_rels/.rels
[DEBUG] 2024-09-26 19:21:32.814 [TestNG-test-Test1-1] PackageRelationshipCollection - Parsing relationship: /xl/_rels/workbook.xml.rels
[DEBUG] 2024-09-26 19:21:32.816 [TestNG-test-Test1-1] PackageRelationshipCollection - Parsing relationship: /_rels/.rels
[DEBUG] 2024-09-26 19:21:34.765 [TestNG-test-Test2-1] PackageRelationshipCollection - Parsing relationship: /xl/_rels/workbook.xml.rels
[DEBUG] 2024-09-26 19:21:34.767 [TestNG-test-Test2-1] PackageRelationshipCollection - Parsing relationship: /_rels/.rels
[DEBUG] 2024-09-26 19:23:50.496 [main] PackageRelationshipCollection - Parsing relationship: /xl/_rels/workbook.xml.rels
[DEBUG] 2024-09-26 19:23:50.504 [main] PackageRelationshipCollection - Parsing relationship: /_rels/.rels
[DEBUG] 2024-09-26 19:26:52.871 [main] PackageRelationshipCollection - Parsing relationship: /xl/_rels/workbook.xml.rels
[DEBUG] 2024-09-26 19:26:52.879 [main] PackageRelationshipCollection - Parsing relationship: /_rels/.rels
[DEBUG] 2024-09-26 19:27:26.778 [main] PackageRelationshipCollection - Parsing relationship: /xl/_rels/workbook.xml.rels
[DEBUG] 2024-09-26 19:27:26.785 [main] PackageRelationshipCollection - Parsing relationship: /_rels/.rels
[DEBUG] 2024-09-26 19:27:47.960 [main] PackageRelationshipCollection - Parsing relationship: /xl/_rels/workbook.xml.rels
[DEBUG] 2024-09-26 19:27:47.965 [main] PackageRelationshipCollection - Parsing relationship: /_rels/.rels
[DEBUG] 2024-09-26 19:28:24.786 [main] PackageRelationshipCollection - Parsing relationship: /xl/_rels/workbook.xml.rels
[DEBUG] 2024-09-26 19:28:24.791 [main] PackageRelationshipCollection - Parsing relationship: /_rels/.rels
[DEBUG] 2024-09-26 19:28:48.718 [TestNG-test-Test1-1] PackageRelationshipCollection - Parsing relationship: /xl/_rels/workbook.xml.rels
[DEBUG] 2024-09-26 19:28:48.729 [TestNG-test-Test1-1] PackageRelationshipCollection - Parsing relationship: /_rels/.rels
[DEBUG] 2024-09-26 19:28:52.037 [TestNG-test-Test1-1] PackageRelationshipCollection - Parsing relationship: /xl/_rels/workbook.xml.rels
[DEBUG] 2024-09-26 19:28:52.038 [TestNG-test-Test1-1] PackageRelationshipCollection - Parsing relationship: /_rels/.rels
[DEBUG] 2024-09-26 19:28:58.754 [TestNG-test-Test2-1] PackageRelationshipCollection - Parsing relationship: /xl/_rels/workbook.xml.rels
[DEBUG] 2024-09-26 19:28:58.756 [TestNG-test-Test2-1] PackageRelationshipCollection - Parsing relationship: /_rels/.rels
[DEBUG] 2024-09-26 19:39:42.609 [main] PackageRelationshipCollection - Parsing relationship: /xl/_rels/workbook.xml.rels
[DEBUG] 2024-09-26 19:39:42.615 [main] PackageRelationshipCollection - Parsing relationship: /_rels/.rels
[DEBUG] 2024-09-26 19:41:01.117 [main] PackageRelationshipCollection - Parsing relationship: /xl/_rels/workbook.xml.rels
[DEBUG] 2024-09-26 19:41:01.127 [main] PackageRelationshipCollection - Parsing relationship: /_rels/.rels
[DEBUG] 2024-09-26 19:41:30.478 [main] PackageRelationshipCollection - Parsing relationship: /xl/_rels/workbook.xml.rels
[DEBUG] 2024-09-26 19:41:30.485 [main] PackageRelationshipCollection - Parsing relationship: /_rels/.rels
[DEBUG] 2024-09-26 19:41:59.152 [main] PackageRelationshipCollection - Parsing relationship: /xl/_rels/workbook.xml.rels
[DEBUG] 2024-09-26 19:41:59.160 [main] PackageRelationshipCollection - Parsing relationship: /_rels/.rels
[DEBUG] 2024-09-26 20:14:27.960 [TestNG-test-Test1-1] PackageRelationshipCollection - Parsing relationship: /xl/_rels/workbook.xml.rels
[DEBUG] 2024-09-26 20:14:27.981 [TestNG-test-Test1-1] PackageRelationshipCollection - Parsing relationship: /_rels/.rels
[DEBUG] 2024-09-26 20:14:32.170 [TestNG-test-Test1-1] PackageRelationshipCollection - Parsing relationship: /xl/_rels/workbook.xml.rels
[DEBUG] 2024-09-26 20:14:32.173 [TestNG-test-Test1-1] PackageRelationshipCollection - Parsing relationship: /_rels/.rels
[DEBUG] 2024-09-26 20:14:34.212 [TestNG-test-Test2-1] PackageRelationshipCollection - Parsing relationship: /xl/_rels/workbook.xml.rels
[DEBUG] 2024-09-26 20:14:34.216 [TestNG-test-Test2-1] PackageRelationshipCollection - Parsing relationship: /_rels/.rels
[DEBUG] 2024-09-26 20:14:37.922 [TestNG-test-Test3-1] PackageRelationshipCollection - Parsing relationship: /xl/_rels/workbook.xml.rels
[DEBUG] 2024-09-26 20:14:37.924 [TestNG-test-Test3-1] PackageRelationshipCollection - Parsing relationship: /_rels/.rels
[DEBUG] 2024-09-26 20:16:12.766 [TestNG-test-Test1-1] PackageRelationshipCollection - Parsing relationship: /xl/_rels/workbook.xml.rels
[DEBUG] 2024-09-26 20:16:12.768 [TestNG-test-Test1-1] PackageRelationshipCollection - Parsing relationship: /_rels/.rels
[DEBUG] 2024-09-26 20:16:17.566 [TestNG-test-Test1-1] PackageRelationshipCollection - Parsing relationship: /xl/_rels/workbook.xml.rels
[DEBUG] 2024-09-26 20:16:17.566 [TestNG-test-Test1-1] PackageRelationshipCollection - Parsing relationship: /_rels/.rels
[DEBUG] 2024-09-26 20:16:22.916 [TestNG-test-Test2-1] PackageRelationshipCollection - Parsing relationship: /xl/_rels/workbook.xml.rels
[DEBUG] 2024-09-26 20:16:22.916 [TestNG-test-Test2-1] PackageRelationshipCollection - Parsing relationship: /_rels/.rels
[DEBUG] 2024-09-26 20:16:30.253 [TestNG-test-Test3-1] PackageRelationshipCollection - Parsing relationship: /xl/_rels/workbook.xml.rels
[DEBUG] 2024-09-26 20:16:30.253 [TestNG-test-Test3-1] PackageRelationshipCollection - Parsing relationship: /_rels/.rels
[DEBUG] 2024-09-26 20:17:54.575 [TestNG-test-Test3-1] PackageRelationshipCollection - Parsing relationship: /xl/_rels/workbook.xml.rels
[DEBUG] 2024-09-26 20:17:54.583 [TestNG-test-Test3-1] PackageRelationshipCollection - Parsing relationship: /_rels/.rels
[DEBUG] 2024-09-26 20:53:36.899 [main] PackageRelationshipCollection - Parsing relationship: /xl/_rels/workbook.xml.rels
[DEBUG] 2024-09-26 20:53:36.899 [main] PackageRelationshipCollection - Parsing relationship: /_rels/.rels
[DEBUG] 2024-09-26 22:45:18.794 [main] PackageRelationshipCollection - Parsing relationship: /xl/_rels/workbook.xml.rels
[DEBUG] 2024-09-26 22:45:18.794 [main] PackageRelationshipCollection - Parsing relationship: /_rels/.rels
[DEBUG] 2024-09-26 22:46:19.779 [main] PackageRelationshipCollection - Parsing relationship: /xl/_rels/workbook.xml.rels
[DEBUG] 2024-09-26 22:46:19.790 [main] PackageRelationshipCollection - Parsing relationship: /_rels/.rels
[DEBUG] 2024-09-26 22:47:46.910 [main] PackageRelationshipCollection - Parsing relationship: /xl/_rels/workbook.xml.rels
[DEBUG] 2024-09-26 22:47:46.926 [main] PackageRelationshipCollection - Parsing relationship: /_rels/.rels
[DEBUG] 2024-09-26 22:53:41.165 [main] PackageRelationshipCollection - Parsing relationship: /xl/_rels/workbook.xml.rels
[DEBUG] 2024-09-26 22:53:41.195 [main] PackageRelationshipCollection - Parsing relationship: /_rels/.rels
[DEBUG] 2024-09-26 22:56:51.676 [main] PackageRelationshipCollection - Parsing relationship: /xl/_rels/workbook.xml.rels
[DEBUG] 2024-09-26 22:56:51.691 [main] PackageRelationshipCollection - Parsing relationship: /_rels/.rels
[DEBUG] 2024-09-26 23:26:55.537 [main] PackageRelationshipCollection - Parsing relationship: /xl/_rels/workbook.xml.rels
[DEBUG] 2024-09-26 23:26:55.547 [main] PackageRelationshipCollection - Parsing relationship: /_rels/.rels
[DEBUG] 2024-09-27 00:06:54.335 [main] PackageRelationshipCollection - Parsing relationship: /xl/_rels/workbook.xml.rels
[DEBUG] 2024-09-27 00:06:54.353 [main] PackageRelationshipCollection - Parsing relationship: /_rels/.rels
[DEBUG] 2024-09-27 00:07:58.028 [main] PackageRelationshipCollection - Parsing relationship: /xl/_rels/workbook.xml.rels
[DEBUG] 2024-09-27 00:07:58.041 [main] PackageRelationshipCollection - Parsing relationship: /_rels/.rels
[DEBUG] 2024-09-27 00:10:31.844 [main] PackageRelationshipCollection - Parsing relationship: /xl/_rels/workbook.xml.rels
[DEBUG] 2024-09-27 00:10:31.859 [main] PackageRelationshipCollection - Parsing relationship: /_rels/.rels
[INFO ] 2024-09-27 00:10:34.722 [main] CommonUtils - Response status code is verified
[INFO ] 2024-09-27 00:10:35.430 [main] CommonUtils - title from response is verified
[INFO ] 2024-09-27 00:10:36.180 [main] CommonUtils - Response status code is verified
[INFO ] 2024-09-27 00:10:36.211 [main] CommonUtils - title from response is verified
[INFO ] 2024-09-27 00:10:36.949 [main] CommonUtils - Response status code is verified
[INFO ] 2024-09-27 00:10:36.965 [main] CommonUtils - title from response is verified
[INFO ] 2024-09-27 00:10:37.616 [main] CommonUtils - Response status code is verified
[INFO ] 2024-09-27 00:10:37.632 [main] CommonUtils - title from response is verified
[DEBUG] 2024-09-27 00:12:41.238 [main] PackageRelationshipCollection - Parsing relationship: /xl/_rels/workbook.xml.rels
[DEBUG] 2024-09-27 00:12:41.248 [main] PackageRelationshipCollection - Parsing relationship: /_rels/.rels
[INFO ] 2024-09-27 00:12:44.385 [main] CommonUtils - Response status code is verified
[INFO ] 2024-09-27 00:12:45.727 [main] CommonUtils - Response status code is verified
[INFO ] 2024-09-27 00:12:46.410 [main] CommonUtils - Response status code is verified
[INFO ] 2024-09-27 00:12:47.164 [main] CommonUtils - Response status code is verified
[DEBUG] 2024-09-27 00:14:28.549 [main] PackageRelationshipCollection - Parsing relationship: /xl/_rels/workbook.xml.rels
[DEBUG] 2024-09-27 00:14:28.562 [main] PackageRelationshipCollection - Parsing relationship: /_rels/.rels
[INFO ] 2024-09-27 00:14:32.041 [main] CommonUtils - Response status code is verified
[INFO ] 2024-09-27 00:14:33.461 [main] CommonUtils - Response status code is verified
[INFO ] 2024-09-27 00:14:34.158 [main] CommonUtils - Response status code is verified
[INFO ] 2024-09-27 00:14:34.869 [main] CommonUtils - Response status code is verified
[DEBUG] 2024-09-27 00:15:21.679 [main] PackageRelationshipCollection - Parsing relationship: /xl/_rels/workbook.xml.rels
[DEBUG] 2024-09-27 00:15:21.701 [main] PackageRelationshipCollection - Parsing relationship: /_rels/.rels
[INFO ] 2024-09-27 00:15:25.473 [main] CommonUtils - Response status code is verified
[INFO ] 2024-09-27 00:15:26.269 [main] CommonUtils - userId from response is verified
[INFO ] 2024-09-27 00:15:26.279 [main] CommonUtils - title from response is verified
[INFO ] 2024-09-27 00:15:26.295 [main] CommonUtils - body from response is verified
[INFO ] 2024-09-27 00:15:27.040 [main] CommonUtils - Response status code is verified
[INFO ] 2024-09-27 00:15:27.049 [main] CommonUtils - userId from response is verified
[INFO ] 2024-09-27 00:15:27.065 [main] CommonUtils - title from response is verified
[INFO ] 2024-09-27 00:15:27.096 [main] CommonUtils - body from response is verified
[INFO ] 2024-09-27 00:15:27.897 [main] CommonUtils - Response status code is verified
[INFO ] 2024-09-27 00:15:27.912 [main] CommonUtils - userId from response is verified
[INFO ] 2024-09-27 00:15:27.944 [main] CommonUtils - title from response is verified
[INFO ] 2024-09-27 00:15:27.960 [main] CommonUtils - body from response is verified
[INFO ] 2024-09-27 00:15:28.784 [main] CommonUtils - Response status code is verified
[INFO ] 2024-09-27 00:15:28.800 [main] CommonUtils - userId from response is verified
[INFO ] 2024-09-27 00:15:28.815 [main] CommonUtils - title from response is verified
[INFO ] 2024-09-27 00:15:28.831 [main] CommonUtils - body from response is verified
[DEBUG] 2024-09-27 00:31:48.330 [main] PackageRelationshipCollection - Parsing relationship: /xl/_rels/workbook.xml.rels
[DEBUG] 2024-09-27 00:31:48.339 [main] PackageRelationshipCollection - Parsing relationship: /_rels/.rels
[ERROR] 2024-09-27 00:31:51.194 [main] CommonUtils - Response status code is wrong
[ERROR] 2024-09-27 00:31:51.996 [main] CommonUtils - Response status code is wrong
[ERROR] 2024-09-27 00:31:52.750 [main] CommonUtils - Response status code is wrong
[ERROR] 2024-09-27 00:31:53.427 [main] CommonUtils - Response status code is wrong
[DEBUG] 2024-09-27 00:33:25.707 [main] PackageRelationshipCollection - Parsing relationship: /xl/_rels/workbook.xml.rels
[DEBUG] 2024-09-27 00:33:25.723 [main] PackageRelationshipCollection - Parsing relationship: /_rels/.rels
[ERROR] 2024-09-27 00:33:29.279 [main] CommonUtils - Response status code is wrong
[ERROR] 2024-09-27 00:33:30.252 [main] CommonUtils - Response status code is wrong
[ERROR] 2024-09-27 00:33:30.868 [main] CommonUtils - Response status code is wrong
[ERROR] 2024-09-27 00:33:31.518 [main] CommonUtils - Response status code is wrong
[DEBUG] 2024-09-27 00:41:26.286 [main] PackageRelationshipCollection - Parsing relationship: /xl/_rels/workbook.xml.rels
[DEBUG] 2024-09-27 00:41:26.286 [main] PackageRelationshipCollection - Parsing relationship: /_rels/.rels
[INFO ] 2024-09-27 00:41:29.434 [main] CommonUtils - Response status code is verified
[INFO ] 2024-09-27 00:41:30.188 [main] CommonUtils - Response status code is verified
[INFO ] 2024-09-27 00:41:30.854 [main] CommonUtils - Response status code is verified
[DEBUG] 2024-09-27 00:42:49.758 [main] PackageRelationshipCollection - Parsing relationship: /xl/_rels/workbook.xml.rels
[DEBUG] 2024-09-27 00:42:49.774 [main] PackageRelationshipCollection - Parsing relationship: /_rels/.rels
[INFO ] 2024-09-27 00:42:52.980 [main] CommonUtils - Response status code is verified
[INFO ] 2024-09-27 00:42:53.749 [main] CommonUtils - Response status code is verified
[INFO ] 2024-09-27 00:42:54.346 [main] CommonUtils - Response status code is verified
[INFO ] 2024-09-27 00:42:54.932 [main] CommonUtils - Response status code is verified
[INFO ] 2024-09-27 00:53:23.673 [main] CommonUtils - Response status code is verified
[INFO ] 2024-09-27 00:54:10.830 [main] CommonUtils - Response status code is verified
[INFO ] 2024-09-27 00:56:35.932 [main] CommonUtils - Response status code is verified
[DEBUG] 2024-09-27 01:04:40.925 [main] PackageRelationshipCollection - Parsing relationship: /xl/_rels/workbook.xml.rels
[DEBUG] 2024-09-27 01:04:40.925 [main] PackageRelationshipCollection - Parsing relationship: /_rels/.rels
[INFO ] 2024-09-27 01:04:42.928 [main] CommonUtils - Response status code is verified
[INFO ] 2024-09-27 01:04:44.065 [main] CommonUtils - Response status code is verified
[DEBUG] 2024-09-27 01:05:55.555 [main] PackageRelationshipCollection - Parsing relationship: /xl/_rels/workbook.xml.rels
[DEBUG] 2024-09-27 01:05:55.568 [main] PackageRelationshipCollection - Parsing relationship: /_rels/.rels
[INFO ] 2024-09-27 01:05:57.453 [main] CommonUtils - Response status code is verified
[INFO ] 2024-09-27 01:05:58.373 [main] CommonUtils - Response status code is verified
[DEBUG] 2024-09-27 01:07:52.019 [main] PackageRelationshipCollection - Parsing relationship: /xl/_rels/workbook.xml.rels
[DEBUG] 2024-09-27 01:07:52.026 [main] PackageRelationshipCollection - Parsing relationship: /_rels/.rels
[INFO ] 2024-09-27 01:07:53.908 [main] CommonUtils - Response status code is verified
[INFO ] 2024-09-27 01:07:54.758 [main] CommonUtils - Response status code is verified
[DEBUG] 2024-09-27 01:09:21.199 [main] PackageRelationshipCollection - Parsing relationship: /xl/_rels/workbook.xml.rels
[DEBUG] 2024-09-27 01:09:21.218 [main] PackageRelationshipCollection - Parsing relationship: /_rels/.rels
[INFO ] 2024-09-27 01:09:23.005 [main] CommonUtils - Response status code is verified
[INFO ] 2024-09-27 01:09:23.908 [main] CommonUtils - Response status code is verified
[DEBUG] 2024-09-27 01:10:40.238 [main] PackageRelationshipCollection - Parsing relationship: /xl/_rels/workbook.xml.rels
[DEBUG] 2024-09-27 01:10:40.238 [main] PackageRelationshipCollection - Parsing relationship: /_rels/.rels
[INFO ] 2024-09-27 01:10:42.320 [main] CommonUtils - Response status code is verified
[INFO ] 2024-09-27 01:10:42.813 [main] CommonUtils - Response status code is verified
[DEBUG] 2024-09-27 01:11:47.255 [main] PackageRelationshipCollection - Parsing relationship: /xl/_rels/workbook.xml.rels
[DEBUG] 2024-09-27 01:11:47.261 [main] PackageRelationshipCollection - Parsing relationship: /_rels/.rels
[INFO ] 2024-09-27 01:11:49.081 [main] CommonUtils - Response status code is verified
[INFO ] 2024-09-27 01:11:49.568 [main] CommonUtils - Response status code is verified
[INFO ] 2024-09-27 01:14:02.815 [main] CommonUtils - Response status code is verified
[INFO ] 2024-09-27 01:15:36.345 [main] CommonUtils - Response status code is verified
[DEBUG] 2024-09-27 01:22:00.182 [main] PackageRelationshipCollection - Parsing relationship: /xl/_rels/workbook.xml.rels
[DEBUG] 2024-09-27 01:22:00.182 [main] PackageRelationshipCollection - Parsing relationship: /_rels/.rels
[INFO ] 2024-09-27 01:22:02.100 [main] CommonUtils - Response status code is verified
[INFO ] 2024-09-27 01:22:02.860 [main] CommonUtils - Response status code is verified
[INFO ] 2024-09-27 01:22:03.611 [main] CommonUtils - Response status code is verified
[INFO ] 2024-09-27 01:22:04.332 [main] CommonUtils - Response status code is verified
[INFO ] 2024-09-27 01:24:25.347 [main] CommonUtils - Response status code is verified
[INFO ] 2024-09-27 01:24:32.203 [main] CommonUtils - Response status code is verified
[DEBUG] 2024-09-27 01:27:02.114 [main] PackageRelationshipCollection - Parsing relationship: /xl/_rels/workbook.xml.rels
[DEBUG] 2024-09-27 01:27:02.130 [main] PackageRelationshipCollection - Parsing relationship: /_rels/.rels
[INFO ] 2024-09-27 01:27:04.206 [main] CommonUtils - Response status code is verified
[INFO ] 2024-09-27 01:27:04.600 [main] CommonUtils - id from response is verified
[INFO ] 2024-09-27 01:27:05.057 [main] CommonUtils - Response status code is verified
[INFO ] 2024-09-27 01:27:05.080 [main] CommonUtils - id from response is verified
[INFO ] 2024-09-27 01:27:05.558 [main] CommonUtils - Response status code is verified
[INFO ] 2024-09-27 01:27:05.568 [main] CommonUtils - id from response is verified
[INFO ] 2024-09-27 01:27:06.066 [main] CommonUtils - Response status code is verified
[INFO ] 2024-09-27 01:27:06.078 [main] CommonUtils - id from response is verified
[DEBUG] 2024-09-27 01:35:50.123 [main] PackageRelationshipCollection - Parsing relationship: /xl/_rels/workbook.xml.rels
[DEBUG] 2024-09-27 01:35:50.123 [main] PackageRelationshipCollection - Parsing relationship: /_rels/.rels
[INFO ] 2024-09-27 01:35:53.052 [main] CommonUtils - Response status code is verified
[INFO ] 2024-09-27 01:35:53.633 [main] CommonUtils - id from response is verified
[INFO ] 2024-09-27 01:35:53.648 [main] CommonUtils - userId from response is verified
[DEBUG] 2024-09-27 01:36:53.051 [main] PackageRelationshipCollection - Parsing relationship: /xl/_rels/workbook.xml.rels
[DEBUG] 2024-09-27 01:36:53.051 [main] PackageRelationshipCollection - Parsing relationship: /_rels/.rels
[INFO ] 2024-09-27 01:36:55.820 [main] CommonUtils - Response status code is verified
[INFO ] 2024-09-27 01:36:56.339 [main] CommonUtils - id from response is verified
[INFO ] 2024-09-27 01:36:56.355 [main] CommonUtils - userId from response is verified
[DEBUG] 2024-09-27 01:38:15.506 [main] PackageRelationshipCollection - Parsing relationship: /xl/_rels/workbook.xml.rels
[DEBUG] 2024-09-27 01:38:15.522 [main] PackageRelationshipCollection - Parsing relationship: /_rels/.rels
[INFO ] 2024-09-27 01:38:18.577 [main] CommonUtils - Response status code is verified
[INFO ] 2024-09-27 01:38:19.252 [main] CommonUtils - id from response is verified
[INFO ] 2024-09-27 01:38:19.268 [main] CommonUtils - userId from response is verified
[INFO ] 2024-09-27 01:43:33.917 [main] CommonUtils - Response status code is verified
[INFO ] 2024-09-27 01:43:34.532 [main] CommonUtils - title from response is verified
[INFO ] 2024-09-27 01:44:46.442 [main] CommonUtils - Response status code is verified
[INFO ] 2024-09-27 01:45:50.145 [main] CommonUtils - Response status code is verified
[INFO ] 2024-09-27 01:46:53.932 [main] CommonUtils - Response status code is verified
[INFO ] 2024-09-27 01:48:10.759 [main] CommonUtils - Response status code is verified
[INFO ] 2024-09-27 01:48:56.598 [main] CommonUtils - Response status code is verified
[INFO ] 2024-09-27 01:50:23.753 [main] CommonUtils - Response status code is verified
[DEBUG] 2024-09-27 01:57:29.922 [main] PackageRelationshipCollection - Parsing relationship: /xl/_rels/workbook.xml.rels
[DEBUG] 2024-09-27 01:57:29.937 [main] PackageRelationshipCollection - Parsing relationship: /_rels/.rels
[INFO ] 2024-09-27 01:57:33.201 [main] CommonUtils - Response status code is verified
[DEBUG] 2024-09-27 01:58:57.358 [main] PackageRelationshipCollection - Parsing relationship: /xl/_rels/workbook.xml.rels
[DEBUG] 2024-09-27 01:58:57.370 [main] PackageRelationshipCollection - Parsing relationship: /_rels/.rels
[INFO ] 2024-09-27 01:59:01.868 [main] CommonUtils - Response status code is verified
[INFO ] 2024-09-27 01:59:03.068 [main] CommonUtils - id from response is verified
[INFO ] 2024-09-27 01:59:03.083 [main] CommonUtils - userId from response is verified
[INFO ] 2024-09-27 01:59:03.098 [main] CommonUtils - title from response is verified
[INFO ] 2024-09-27 01:59:03.098 [main] CommonUtils - body from response is verified
[INFO ] 2024-09-27 01:59:51.236 [main] CommonUtils - Response status code is verified
[DEBUG] 2024-09-27 02:02:19.407 [TestNG-tests-3] PackageRelationshipCollection - Parsing relationship: /xl/_rels/workbook.xml.rels
[DEBUG] 2024-09-27 02:02:19.407 [TestNG-tests-2] PackageRelationshipCollection - Parsing relationship: /xl/_rels/workbook.xml.rels
[DEBUG] 2024-09-27 02:02:19.407 [TestNG-tests-1] PackageRelationshipCollection - Parsing relationship: /xl/_rels/workbook.xml.rels
[DEBUG] 2024-09-27 02:02:19.419 [TestNG-tests-1] PackageRelationshipCollection - Parsing relationship: /_rels/.rels
[DEBUG] 2024-09-27 02:02:19.419 [TestNG-tests-2] PackageRelationshipCollection - Parsing relationship: /_rels/.rels
[DEBUG] 2024-09-27 02:02:19.419 [TestNG-tests-3] PackageRelationshipCollection - Parsing relationship: /_rels/.rels
[INFO ] 2024-09-27 02:02:22.369 [TestNG-tests-1] CommonUtils - Response status code is verified
[INFO ] 2024-09-27 02:02:22.638 [TestNG-tests-3] CommonUtils - Response status code is verified
[INFO ] 2024-09-27 02:02:22.638 [TestNG-tests-2] CommonUtils - Response status code is verified
[INFO ] 2024-09-27 02:02:23.039 [TestNG-tests-1] CommonUtils - id from response is verified
[INFO ] 2024-09-27 02:02:23.234 [TestNG-tests-2] CommonUtils - Response status code is verified
[INFO ] 2024-09-27 02:02:23.518 [TestNG-tests-1] CommonUtils - Response status code is verified
[INFO ] 2024-09-27 02:02:23.538 [TestNG-tests-1] CommonUtils - id from response is verified
[INFO ] 2024-09-27 02:02:23.743 [TestNG-tests-3] CommonUtils - Response status code is verified
[INFO ] 2024-09-27 02:02:23.788 [TestNG-tests-2] CommonUtils - Response status code is verified
[INFO ] 2024-09-27 02:02:24.033 [TestNG-tests-1] CommonUtils - Response status code is verified
[INFO ] 2024-09-27 02:02:24.049 [TestNG-tests-1] CommonUtils - id from response is verified
[DEBUG] 2024-09-27 02:02:24.082 [TestNG-tests-1] PackageRelationshipCollection - Parsing relationship: /xl/_rels/workbook.xml.rels
[DEBUG] 2024-09-27 02:02:24.085 [TestNG-tests-1] PackageRelationshipCollection - Parsing relationship: /_rels/.rels
[INFO ] 2024-09-27 02:02:24.344 [TestNG-tests-2] CommonUtils - Response status code is verified
[DEBUG] 2024-09-27 02:02:24.356 [TestNG-tests-2] PackageRelationshipCollection - Parsing relationship: /xl/_rels/workbook.xml.rels
[DEBUG] 2024-09-27 02:02:24.358 [TestNG-tests-2] PackageRelationshipCollection - Parsing relationship: /_rels/.rels
[INFO ] 2024-09-27 02:02:24.608 [TestNG-tests-1] CommonUtils - Response status code is verified
[INFO ] 2024-09-27 02:02:24.859 [TestNG-tests-3] CommonUtils - Response status code is verified
[INFO ] 2024-09-27 02:02:24.970 [TestNG-tests-2] CommonUtils - Response status code is verified
[INFO ] 2024-09-27 02:02:24.990 [TestNG-tests-2] CommonUtils - userId from response is verified
[INFO ] 2024-09-27 02:02:25.021 [TestNG-tests-2] CommonUtils - title from response is verified
[INFO ] 2024-09-27 02:02:25.052 [TestNG-tests-2] CommonUtils - body from response is verified
[INFO ] 2024-09-27 02:02:25.104 [TestNG-tests-1] CommonUtils - Response status code is verified
[INFO ] 2024-09-27 02:02:25.552 [TestNG-tests-3] CommonUtils - Response status code is verified
[INFO ] 2024-09-27 02:02:25.577 [TestNG-tests-1] CommonUtils - Response status code is verified
[INFO ] 2024-09-27 02:02:25.820 [TestNG-tests-2] CommonUtils - Response status code is verified
[INFO ] 2024-09-27 02:02:25.837 [TestNG-tests-2] CommonUtils - userId from response is verified
[INFO ] 2024-09-27 02:02:25.853 [TestNG-tests-2] CommonUtils - title from response is verified
[INFO ] 2024-09-27 02:02:25.871 [TestNG-tests-2] CommonUtils - body from response is verified
[INFO ] 2024-09-27 02:02:26.073 [TestNG-tests-1] CommonUtils - Response status code is verified
[INFO ] 2024-09-27 02:02:26.169 [TestNG-tests-3] CommonUtils - Response status code is verified
[DEBUG] 2024-09-27 02:02:26.184 [TestNG-tests-3] PackageRelationshipCollection - Parsing relationship: /xl/_rels/workbook.xml.rels
[DEBUG] 2024-09-27 02:02:26.187 [TestNG-tests-3] PackageRelationshipCollection - Parsing relationship: /_rels/.rels
[INFO ] 2024-09-27 02:02:26.405 [TestNG-tests-2] CommonUtils - Response status code is verified
[INFO ] 2024-09-27 02:02:26.415 [TestNG-tests-2] CommonUtils - userId from response is verified
[INFO ] 2024-09-27 02:02:26.425 [TestNG-tests-2] CommonUtils - title from response is verified
[INFO ] 2024-09-27 02:02:26.438 [TestNG-tests-2] CommonUtils - body from response is verified
[INFO ] 2024-09-27 02:02:26.538 [TestNG-tests-1] CommonUtils - Response status code is verified
[INFO ] 2024-09-27 02:02:26.939 [TestNG-tests-3] CommonUtils - Response status code is verified
[INFO ] 2024-09-27 02:02:27.018 [TestNG-tests-1] CommonUtils - Response status code is verified
[INFO ] 2024-09-27 02:02:27.024 [TestNG-tests-2] CommonUtils - Response status code is verified
[INFO ] 2024-09-27 02:02:27.039 [TestNG-tests-2] CommonUtils - userId from response is verified
[INFO ] 2024-09-27 02:02:27.049 [TestNG-tests-2] CommonUtils - title from response is verified
[INFO ] 2024-09-27 02:02:27.060 [TestNG-tests-2] CommonUtils - body from response is verified
[DEBUG] 2024-09-27 02:02:27.072 [TestNG-tests-2] PackageRelationshipCollection - Parsing relationship: /xl/_rels/workbook.xml.rels
[DEBUG] 2024-09-27 02:02:27.074 [TestNG-tests-2] PackageRelationshipCollection - Parsing relationship: /_rels/.rels
[INFO ] 2024-09-27 02:02:27.477 [TestNG-tests-3] CommonUtils - Response status code is verified
[INFO ] 2024-09-27 02:02:27.477 [TestNG-tests-1] CommonUtils - Response status code is verified
[DEBUG] 2024-09-27 02:02:27.490 [TestNG-tests-3] PackageRelationshipCollection - Parsing relationship: /xl/_rels/workbook.xml.rels
[DEBUG] 2024-09-27 02:02:27.490 [TestNG-tests-1] PackageRelationshipCollection - Parsing relationship: /xl/_rels/workbook.xml.rels
[DEBUG] 2024-09-27 02:02:27.490 [TestNG-tests-3] PackageRelationshipCollection - Parsing relationship: /_rels/.rels
[DEBUG] 2024-09-27 02:02:27.490 [TestNG-tests-1] PackageRelationshipCollection - Parsing relationship: /_rels/.rels
[INFO ] 2024-09-27 02:02:27.660 [TestNG-tests-2] CommonUtils - Response status code is verified
[INFO ] 2024-09-27 02:02:28.064 [TestNG-tests-1] CommonUtils - Response status code is verified
[INFO ] 2024-09-27 02:02:28.215 [TestNG-tests-3] CommonUtils - Response status code is verified
[INFO ] 2024-09-27 02:02:28.231 [TestNG-tests-3] CommonUtils - id from response is verified
[INFO ] 2024-09-27 02:02:28.248 [TestNG-tests-3] CommonUtils - userId from response is verified
[INFO ] 2024-09-27 02:02:28.248 [TestNG-tests-2] CommonUtils - Response status code is verified
[INFO ] 2024-09-27 02:02:28.248 [TestNG-tests-3] CommonUtils - title from response is verified
[INFO ] 2024-09-27 02:02:28.262 [TestNG-tests-3] CommonUtils - body from response is verified
[INFO ] 2024-09-27 02:02:28.262 [TestNG-tests-2] CommonUtils - title from response is verified
[INFO ] 2024-09-27 02:02:28.518 [TestNG-tests-1] CommonUtils - Response status code is verified
[INFO ] 2024-09-27 02:02:28.810 [TestNG-tests-2] CommonUtils - Response status code is verified
[INFO ] 2024-09-27 02:02:28.824 [TestNG-tests-3] CommonUtils - Response status code is verified
[INFO ] 2024-09-27 02:02:28.982 [TestNG-tests-1] CommonUtils - Response status code is verified
[INFO ] 2024-09-27 02:02:29.454 [TestNG-tests-2] CommonUtils - Response status code is verified
[INFO ] 2024-09-27 02:02:29.594 [TestNG-tests-1] CommonUtils - Response status code is verified
